<?xml version="1.0" encoding="UTF-8"?>
<!-- Generated by org.testng.reporters.JUnitReportReporter -->
<testsuite hostname="hadi-laptop" failures="0" tests="1" name="se.liu.ida.hello.StatusIT" time="0.478" errors="0" timestamp="2022-09-19T19:57:55 CEST" skipped="0">
  <testcase classname="se.liu.ida.hello.StatusIT" name="testStatusCode" time="0.478"/>
  <system-out/>
</testsuite> <!-- se.liu.ida.hello.StatusIT -->
