<?xml version="1.0" encoding="UTF-8"?>
<!-- Generated by org.testng.reporters.JUnitReportReporter -->
<testsuite hostname="hadi-laptop" failures="0" tests="1" name="se.liu.ida.hello.TimeRetrieverTest" time="0.051" errors="0" timestamp="16 Sep 2022 09:54:57 GMT">
  <testcase classname="se.liu.ida.hello.TimeRetrieverTest" name="testTimeRetriever" time="0.051"/>
</testsuite> <!-- se.liu.ida.hello.TimeRetrieverTest -->
