<?xml version="1.0" encoding="UTF-8"?>
<!-- Generated by org.testng.reporters.JUnitReportReporter -->
<testsuite hostname="hadi-laptop" failures="0" tests="1" name="se.liu.ida.hello.TimeRetrieverTest" time="0.117" errors="0" timestamp="2022-09-19T19:57:51 CEST" skipped="0">
  <testcase classname="se.liu.ida.hello.TimeRetrieverTest" name="testTimeRetriever" time="0.117"/>
  <system-out/>
</testsuite> <!-- se.liu.ida.hello.TimeRetrieverTest -->
